# JRE version: OpenJDK Runtime Environment (15.0.2+7) (build 15.0.2+7-27)
# Java VM: OpenJDK 64-Bit Server VM (15.0.2+7-27, mixed mode, tiered, compressed oops, g1 gc, windows-amd64)
GC Precious Log:
 CPUs: 4 total, 4 available
 Memory: 8080M
 Large Page Support: Disabled
 NUMA Support: Disabled
 Compressed Oops: Enabled (32-bit)
 Heap Region Size: 1M
 Heap Min Capacity: 8M
 Heap Initial Capacity: 128M
 Heap Max Capacity: 2022M
 Pre-touch: Disabled
 Parallel Workers: 4
 Concurrent Workers: 1
 Concurrent Refinement Workers: 4
 Periodic GC: Disabled
Heap:
 garbage-first heap   total 41984K, used 29236K [0x0000000081a00000, 0x0000000100000000)
  region size 1024K, 18 young (18432K), 2 survivors (2048K)
 Metaspace       used 39416K, capacity 39800K, committed 40144K, reserved 1085440K
  class space    used 4680K, capacity 4827K, committed 4940K, reserved 1048576K
GC Heap History (17 events):
Event: 0.997 GC heap before
{Heap before GC invocations=0 (full 0):
 garbage-first heap   total 131072K, used 12288K [0x0000000081a00000, 0x0000000100000000)
  region size 1024K, 13 young (13312K), 0 survivors (0K)
 Metaspace       used 13938K, capacity 14117K, committed 14336K, reserved 1062912K
  class space    used 1396K, capacity 1445K, committed 1536K, reserved 1048576K
}
Event: 1.002 GC heap after
{Heap after GC invocations=1 (full 0):
 garbage-first heap   total 131072K, used 4510K [0x0000000081a00000, 0x0000000100000000)
  region size 1024K, 2 young (2048K), 2 survivors (2048K)
 Metaspace       used 13938K, capacity 14117K, committed 14336K, reserved 1062912K
  class space    used 1396K, capacity 1445K, committed 1536K, reserved 1048576K
}
Event: 1.235 GC heap before
{Heap before GC invocations=1 (full 0):
 garbage-first heap   total 131072K, used 12702K [0x0000000081a00000, 0x0000000100000000)
  region size 1024K, 10 young (10240K), 2 survivors (2048K)
 Metaspace       used 16709K, capacity 16906K, committed 17024K, reserved 1064960K
  class space    used 1744K, capacity 1818K, committed 1920K, reserved 1048576K
}
Event: 1.238 GC heap after
{Heap after GC invocations=2 (full 0):
 garbage-first heap   total 131072K, used 5282K [0x0000000081a00000, 0x0000000100000000)
  region size 1024K, 1 young (1024K), 1 survivors (1024K)
 Metaspace       used 16709K, capacity 16906K, committed 17024K, reserved 1064960K
  class space    used 1744K, capacity 1818K, committed 1920K, reserved 1048576K
}
Event: 1.516 GC heap before
{Heap before GC invocations=2 (full 0):
 garbage-first heap   total 131072K, used 22690K [0x0000000081a00000, 0x0000000100000000)
  region size 1024K, 20 young (20480K), 1 survivors (1024K)
 Metaspace       used 21034K, capacity 21236K, committed 21296K, reserved 1069056K
  class space    used 2328K, capacity 2428K, committed 2432K, reserved 1048576K
}
Event: 1.519 GC heap after
{Heap after GC invocations=3 (full 0):
 garbage-first heap   total 131072K, used 6433K [0x0000000081a00000, 0x0000000100000000)
  region size 1024K, 2 young (2048K), 2 survivors (2048K)
 Metaspace       used 21034K, capacity 21236K, committed 21296K, reserved 1069056K
  class space    used 2328K, capacity 2428K, committed 2432K, reserved 1048576K
}
Event: 1.799 GC heap before
{Heap before GC invocations=4 (full 0):
 garbage-first heap   total 30720K, used 28961K [0x0000000081a00000, 0x0000000100000000)
  region size 1024K, 25 young (25600K), 2 survivors (2048K)
 Metaspace       used 25826K, capacity 26122K, committed 26364K, reserved 1073152K
  class space    used 2974K, capacity 3050K, committed 3148K, reserved 1048576K
}
Event: 1.804 GC heap after
{Heap after GC invocations=5 (full 0):
 garbage-first heap   total 34816K, used 7904K [0x0000000081a00000, 0x0000000100000000)
  region size 1024K, 4 young (4096K), 4 survivors (4096K)
 Metaspace       used 25826K, capacity 26122K, committed 26364K, reserved 1073152K
  class space    used 2974K, capacity 3050K, committed 3148K, reserved 1048576K
}
Event: 2.096 GC heap before
{Heap before GC invocations=5 (full 0):
 garbage-first heap   total 34816K, used 21216K [0x0000000081a00000, 0x0000000100000000)
  region size 1024K, 18 young (18432K), 4 survivors (4096K)
 Metaspace       used 27337K, capacity 27620K, committed 27900K, reserved 1073152K
  class space    used 3197K, capacity 3307K, committed 3404K, reserved 1048576K
}
Event: 2.103 GC heap after
{Heap after GC invocations=6 (full 0):
 garbage-first heap   total 34816K, used 8580K [0x0000000081a00000, 0x0000000100000000)
  region size 1024K, 3 young (3072K), 3 survivors (3072K)
 Metaspace       used 27337K, capacity 27620K, committed 27900K, reserved 1073152K
  class space    used 3197K, capacity 3307K, committed 3404K, reserved 1048576K
}
Event: 2.417 GC heap before
{Heap before GC invocations=6 (full 0):
 garbage-first heap   total 34816K, used 22916K [0x0000000081a00000, 0x0000000100000000)
  region size 1024K, 17 young (17408K), 3 survivors (3072K)
 Metaspace       used 30210K, capacity 30521K, committed 30588K, reserved 1077248K
  class space    used 3621K, capacity 3761K, committed 3788K, reserved 1048576K
}
Event: 2.423 GC heap after
{Heap after GC invocations=7 (full 0):
 garbage-first heap   total 34816K, used 9970K [0x0000000081a00000, 0x0000000100000000)
  region size 1024K, 3 young (3072K), 3 survivors (3072K)
 Metaspace       used 30210K, capacity 30521K, committed 30588K, reserved 1077248K
  class space    used 3621K, capacity 3761K, committed 3788K, reserved 1048576K
}
Event: 2.715 GC heap before
{Heap before GC invocations=7 (full 0):
 garbage-first heap   total 34816K, used 22258K [0x0000000081a00000, 0x0000000100000000)
  region size 1024K, 16 young (16384K), 3 survivors (3072K)
 Metaspace       used 33712K, capacity 34024K, committed 34300K, reserved 1079296K
  class space    used 3972K, capacity 4089K, committed 4172K, reserved 1048576K
}
Event: 2.722 GC heap after
{Heap after GC invocations=8 (full 0):
 garbage-first heap   total 41984K, used 11470K [0x0000000081a00000, 0x0000000100000000)
  region size 1024K, 2 young (2048K), 2 survivors (2048K)
 Metaspace       used 33712K, capacity 34024K, committed 34300K, reserved 1079296K
  class space    used 3972K, capacity 4089K, committed 4172K, reserved 1048576K
}
Event: 2.984 GC heap before
{Heap before GC invocations=8 (full 0):
 garbage-first heap   total 41984K, used 22734K [0x0000000081a00000, 0x0000000100000000)
  region size 1024K, 15 young (15360K), 2 survivors (2048K)
 Metaspace       used 35565K, capacity 35883K, committed 36048K, reserved 1081344K
  class space    used 4223K, capacity 4333K, committed 4428K, reserved 1048576K
}
Event: 2.987 GC heap after
{Heap after GC invocations=9 (full 0):
 garbage-first heap   total 41984K, used 12852K [0x0000000081a00000, 0x0000000100000000)
  region size 1024K, 3 young (3072K), 3 survivors (3072K)
 Metaspace       used 35565K, capacity 35883K, committed 36048K, reserved 1081344K
  class space    used 4223K, capacity 4333K, committed 4428K, reserved 1048576K
}
Event: 30.757 GC heap before
{Heap before GC invocations=10 (full 0):
 garbage-first heap   total 41984K, used 29236K [0x0000000081a00000, 0x0000000100000000)
  region size 1024K, 19 young (19456K), 3 survivors (3072K)
 Metaspace       used 39416K, capacity 39800K, committed 40144K, reserved 1085440K
  class space    used 4680K, capacity 4827K, committed 4940K, reserved 1048576K
}

